e:\agp final\agp demo\agp2016 lab 4 basecode vs2015\debug\agp2016 basecode vs2015.ilk
e:\agp final\agp demo\agp2016 lab 4 basecode vs2015\debug\agp2016 basecode vs2015.exe
e:\agp final\agp demo\agp2016 lab 4 basecode vs2015\debug\agp2016 basecode vs2015.pdb
e:\agp final\agp demo\agp2016 lab 4 basecode vs2015\agp2015 basecode vs2015\debug\vc141.pdb
e:\agp final\agp demo\agp2016 lab 4 basecode vs2015\agp2015 basecode vs2015\debug\vc141.idb
e:\agp final\agp demo\agp2016 lab 4 basecode vs2015\agp2015 basecode vs2015\debug\boundingbox.obj
e:\agp final\agp demo\agp2016 lab 4 basecode vs2015\agp2015 basecode vs2015\debug\leveldesign.obj
e:\agp final\agp demo\agp2016 lab 4 basecode vs2015\agp2015 basecode vs2015\debug\main.obj
e:\agp final\agp demo\agp2016 lab 4 basecode vs2015\agp2015 basecode vs2015\debug\md2model.obj
e:\agp final\agp demo\agp2016 lab 4 basecode vs2015\agp2015 basecode vs2015\debug\rt3d.obj
e:\agp final\agp demo\agp2016 lab 4 basecode vs2015\agp2015 basecode vs2015\debug\rt3dobjloader.obj
e:\agp final\agp demo\agp2016 lab 4 basecode vs2015\agp2015 basecode vs2015\debug\vc140.idb
e:\agp final\agp demo\agp2016 lab 4 basecode vs2015\agp2015 basecode vs2015\debug\vc140.pdb
e:\agp final\agp demo\agp2016 lab 4 basecode vs2015\agp2015 basecode vs2015\debug\agp2016 .098b35d6.tlog\cl.command.1.tlog
e:\agp final\agp demo\agp2016 lab 4 basecode vs2015\agp2015 basecode vs2015\debug\agp2016 .098b35d6.tlog\link.command.1.tlog
e:\agp final\agp demo\agp2016 lab 4 basecode vs2015\agp2015 basecode vs2015\debug\agp2016 .098b35d6.tlog\link.delete.1.tlog
e:\agp final\agp demo\agp2016 lab 4 basecode vs2015\agp2015 basecode vs2015\debug\agp2016 .098b35d6.tlog\cl.read.1.tlog
e:\agp final\agp demo\agp2016 lab 4 basecode vs2015\agp2015 basecode vs2015\debug\agp2016 .098b35d6.tlog\link.read.1.tlog
e:\agp final\agp demo\agp2016 lab 4 basecode vs2015\agp2015 basecode vs2015\debug\agp2016 .098b35d6.tlog\link.write.1.tlog
e:\agp final\agp demo\agp2016 lab 4 basecode vs2015\agp2015 basecode vs2015\debug\agp2016 .098b35d6.tlog\cl.write.1.tlog
