C:\Program Files (x86)\Microsoft Visual Studio\2017\Enterprise\Common7\IDE\VC\VCTargets\Microsoft.CppBuild.targets(387,5): warning MSB8028: The intermediate directory (Debug\) contains files shared from another project (AGP2015 BaseCode VS2015.vcxproj).  This can lead to incorrect clean and rebuild behavior.
  rt3dObjLoader.cpp
e:\agp final\agp demo\agp2016 lab 4 basecode vs2015\agp2015 basecode vs2015\rt3dobjloader.cpp(196): warning C4018: '<': signed/unsigned mismatch
e:\agp final\agp demo\agp2016 lab 4 basecode vs2015\agp2015 basecode vs2015\rt3dobjloader.cpp(134): warning C4101: 'z': unreferenced local variable
e:\agp final\agp demo\agp2016 lab 4 basecode vs2015\agp2015 basecode vs2015\rt3dobjloader.cpp(134): warning C4101: 'y': unreferenced local variable
e:\agp final\agp demo\agp2016 lab 4 basecode vs2015\agp2015 basecode vs2015\rt3dobjloader.cpp(134): warning C4101: 'x': unreferenced local variable
  rt3d.cpp
  md2model.cpp
e:\agp final\agp demo\agp2016 lab 4 basecode vs2015\agp2015 basecode vs2015\md2model.h(40): warning C4005: 'WIN32': macro redefinition
  e:\agp final\agp demo\agp2016 lab 4 basecode vs2015\agp2015 basecode vs2015\md2model.h(40): note: command-line arguments:  see previous definition of 'WIN32'
e:\agp final\agp demo\agp2016 lab 4 basecode vs2015\agp2015 basecode vs2015\md2model.cpp(106): warning C4996: 'fopen': This function or variable may be unsafe. Consider using fopen_s instead. To disable deprecation, use _CRT_SECURE_NO_WARNINGS. See online help for details.
  c:\program files (x86)\windows kits\10\include\10.0.10240.0\ucrt\stdio.h(205): note: see declaration of 'fopen'
e:\agp final\agp demo\agp2016 lab 4 basecode vs2015\agp2015 basecode vs2015\md2model.cpp(176): warning C4101: 'v': unreferenced local variable
e:\agp final\agp demo\agp2016 lab 4 basecode vs2015\agp2015 basecode vs2015\md2model.cpp(175): warning C4101: 's': unreferenced local variable
e:\agp final\agp demo\agp2016 lab 4 basecode vs2015\agp2015 basecode vs2015\md2model.cpp(176): warning C4101: 'norm': unreferenced local variable
e:\agp final\agp demo\agp2016 lab 4 basecode vs2015\agp2015 basecode vs2015\md2model.cpp(175): warning C4101: 't': unreferenced local variable
e:\agp final\agp demo\agp2016 lab 4 basecode vs2015\agp2015 basecode vs2015\md2model.cpp(338): warning C4018: '<': signed/unsigned mismatch
  main.cpp
e:\agp final\agp demo\agp2016 lab 4 basecode vs2015\agp2015 basecode vs2015\md2model.h(40): warning C4005: 'WIN32': macro redefinition
  e:\agp final\agp demo\agp2016 lab 4 basecode vs2015\agp2015 basecode vs2015\md2model.h(40): note: command-line arguments:  see previous definition of 'WIN32'
  levelDesign.cpp
e:\agp final\agp demo\agp2016 lab 4 basecode vs2015\agp2015 basecode vs2015\leveldesign.cpp(145): warning C4018: '<': signed/unsigned mismatch
e:\agp final\agp demo\agp2016 lab 4 basecode vs2015\agp2015 basecode vs2015\leveldesign.cpp(186): warning C4018: '<': signed/unsigned mismatch
e:\agp final\agp demo\agp2016 lab 4 basecode vs2015\agp2015 basecode vs2015\leveldesign.cpp(374): warning C4305: '+=': truncation from 'double' to 'float'
e:\agp final\agp demo\agp2016 lab 4 basecode vs2015\agp2015 basecode vs2015\leveldesign.cpp(375): warning C4305: '-=': truncation from 'double' to 'float'
  boundingBox.cpp
  Generating Code...
  AGP2015 BaseCode VS2015.vcxproj -> E:\AGP Final\AGP DEMO\AGP2016 Lab 4 BaseCode VS2015\Debug\AGP2016 BaseCode VS2015.exe
  AGP2015 BaseCode VS2015.vcxproj -> E:\AGP Final\AGP DEMO\AGP2016 Lab 4 BaseCode VS2015\Debug\AGP2016 BaseCode VS2015.pdb (Partial PDB)
