h:\agp1516\agp2015 basecode vs2015\debug\agp2015 basecode vs2015.ilk
h:\agp1516\agp2015 basecode vs2015\debug\agp2015 basecode vs2015.exe
h:\agp1516\agp2015 basecode vs2015\debug\agp2015 basecode vs2015.pdb
g:\agp1516\agp2015 basecode vs2015\debug\agp2015 basecode vs2015.ilk
g:\agp1516\agp2015 basecode vs2015\debug\agp2015 basecode vs2015.exe
g:\agp1516\agp2015 basecode vs2015\debug\agp2015 basecode vs2015.pdb
g:\agp1516\agp2015 lab 4 basecode vs2015\debug\agp2015 basecode vs2015.ilk
g:\agp1516\agp2015 lab 4 basecode vs2015\debug\agp2015 basecode vs2015.exe
g:\agp1516\agp2015 lab 4 basecode vs2015\debug\agp2015 basecode vs2015.pdb
h:\agp1516\agp2015 basecode vs2015\agp2015 basecode vs2015\debug\vc140.pdb
g:\agp1516\agp2015 basecode vs2015\agp2015 basecode vs2015\debug\vc140.pdb
g:\agp1516\agp2015 basecode vs2015\agp2015 basecode vs2015\debug\vc140.idb
g:\agp1516\agp2015 basecode vs2015\agp2015 basecode vs2015\debug\main.obj
g:\agp1516\agp2015 basecode vs2015\agp2015 basecode vs2015\debug\md2model.obj
g:\agp1516\agp2015 basecode vs2015\agp2015 basecode vs2015\debug\rt3d.obj
g:\agp1516\agp2015 basecode vs2015\agp2015 basecode vs2015\debug\rt3dobjloader.obj
g:\agp1516\agp2015 lab 4 basecode vs2015\agp2015 basecode vs2015\debug\vc140.pdb
g:\agp1516\agp2015 lab 4 basecode vs2015\agp2015 basecode vs2015\debug\vc140.idb
g:\agp1516\agp2015 lab 4 basecode vs2015\agp2015 basecode vs2015\debug\main.obj
g:\agp1516\agp2015 lab 4 basecode vs2015\agp2015 basecode vs2015\debug\md2model.obj
g:\agp1516\agp2015 lab 4 basecode vs2015\agp2015 basecode vs2015\debug\rt3d.obj
g:\agp1516\agp2015 lab 4 basecode vs2015\agp2015 basecode vs2015\debug\rt3dobjloader.obj
g:\agp1516\agp2015 lab 4 basecode vs2015\agp2015 basecode vs2015\debug\agp2015 .098b35d6.tlog\cl.command.1.tlog
g:\agp1516\agp2015 lab 4 basecode vs2015\agp2015 basecode vs2015\debug\agp2015 .098b35d6.tlog\link.write.1.tlog
g:\agp1516\agp2015 lab 4 basecode vs2015\agp2015 basecode vs2015\debug\agp2015 .098b35d6.tlog\link.command.1.tlog
g:\agp1516\agp2015 lab 4 basecode vs2015\agp2015 basecode vs2015\debug\agp2015 .098b35d6.tlog\cl.read.1.tlog
g:\agp1516\agp2015 lab 4 basecode vs2015\agp2015 basecode vs2015\debug\agp2015 .098b35d6.tlog\link.read.1.tlog
g:\agp1516\agp2015 lab 4 basecode vs2015\agp2015 basecode vs2015\debug\agp2015 .098b35d6.tlog\cl.write.1.tlog
