c:\datos\uws\teaching\agp\adv games prog pablo\labs1617\agp2016 basecode vs2015\agp2015 basecode vs2015\debug\vc140.pdb
c:\datos\uws\teaching\agp\adv games prog pablo\labs1617\agp2016 basecode vs2015\agp2015 basecode vs2015\debug\vc140.idb
c:\datos\uws\teaching\agp\adv games prog pablo\labs1617\agp2016 basecode vs2015\agp2015 basecode vs2015\debug\main.obj
c:\datos\uws\teaching\agp\adv games prog pablo\labs1617\agp2016 basecode vs2015\agp2015 basecode vs2015\debug\md2model.obj
c:\datos\uws\teaching\agp\adv games prog pablo\labs1617\agp2016 basecode vs2015\agp2015 basecode vs2015\debug\rt3d.obj
c:\datos\uws\teaching\agp\adv games prog pablo\labs1617\agp2016 basecode vs2015\agp2015 basecode vs2015\debug\rt3dobjloader.obj
e:\uni\year 3\advanced graphics programming\lab 2\agp2015 basecode vs2015\debug\vc140.pdb
e:\uni\year 3\advanced graphics programming\lab 2\agp2015 basecode vs2015\debug\vc141.pdb
e:\uni\year 3\advanced graphics programming\lab 2\agp2015 basecode vs2015\debug\vc141.idb
c:\datos\uws\teaching\agp\adv games prog pablo\labs1617\agp2016 basecode vs2015\debug\agp2016 basecode vs2015.ilk
c:\datos\uws\teaching\agp\adv games prog pablo\labs1617\agp2016 basecode vs2015\debug\agp2016 basecode vs2015.exe
c:\datos\uws\teaching\agp\adv games prog pablo\labs1617\agp2016 basecode vs2015\debug\agp2016 basecode vs2015.pdb
e:\uni\year 3\advanced graphics programming\lab 2\agp2015 basecode vs2015\debug\md2model.obj
e:\uni\year 3\advanced graphics programming\lab 2\agp2015 basecode vs2015\debug\rt3d.obj
e:\uni\year 3\advanced graphics programming\lab 2\agp2015 basecode vs2015\debug\rt3dobjloader.obj
e:\uni\year 3\advanced graphics programming\lab 2\agp2015 basecode vs2015\debug\vc140.idb
e:\uni\year 3\advanced graphics programming\lab 2\debug\agp2016 basecode vs2015.pdb
e:\uni\year 3\advanced graphics programming\lab 2\debug\agp2016 basecode vs2015.exe
e:\uni\year 3\advanced graphics programming\lab 2\debug\agp2016 basecode vs2015.ilk
e:\uni\year 3\advanced graphics programming\lab 2\agp2015 basecode vs2015\debug\agp2016 .098b35d6.tlog\cl.command.1.tlog
e:\uni\year 3\advanced graphics programming\lab 2\agp2015 basecode vs2015\debug\agp2016 .098b35d6.tlog\cl.read.1.tlog
e:\uni\year 3\advanced graphics programming\lab 2\agp2015 basecode vs2015\debug\agp2016 .098b35d6.tlog\cl.write.1.tlog
e:\uni\year 3\advanced graphics programming\lab 2\agp2015 basecode vs2015\debug\agp2016 .098b35d6.tlog\link.command.1.tlog
e:\uni\year 3\advanced graphics programming\lab 2\agp2015 basecode vs2015\debug\agp2016 .098b35d6.tlog\link.read.1.tlog
e:\uni\year 3\advanced graphics programming\lab 2\agp2015 basecode vs2015\debug\agp2016 .098b35d6.tlog\link.write.1.tlog
